#
# There is insufficient memory for the Java Runtime Environment to continue.
# Native memory allocation (malloc) failed to allocate 1048576 bytes for AllocateHeap
# Possible reasons:
#   The system is out of physical RAM or swap space
#   In 32 bit mode, the process size limit was hit
# Possible solutions:
#   Reduce memory load on the system
#   Increase physical memory or swap space
#   Check if swap backing store is full
#   Use 64 bit Java on a 64 bit OS
#   Decrease Java heap size (-Xmx/-Xms)
#   Decrease number of Java threads
#   Decrease Java thread stack sizes (-Xss)
#   Set larger code cache with -XX:ReservedCodeCacheSize=
# This output file may be truncated or incomplete.
#
#  Out of Memory Error (memory/allocation.inline.hpp:62), pid=8064, tid=10524
#
# JRE version:  (8.0_25-b18) (build )
# Java VM: Java HotSpot(TM) 64-Bit Server VM (25.25-b02 mixed mode windows-amd64 compressed oops)
# Failed to write core dump. Minidumps are not enabled by default on client versions of Windows
#

---------------  T H R E A D  ---------------

Current thread (0x0000000002160800):  JavaThread "Unknown thread" [_thread_in_vm, id=10524, stack(0x0000000001f70000,0x0000000002070000)]

Stack: [0x0000000001f70000,0x0000000002070000]
Native frames: (J=compiled Java code, j=interpreted, Vv=VM code, C=native code)
V  [jvm.dll+0x31667a]
V  [jvm.dll+0x267073]
V  [jvm.dll+0x267cb3]
V  [jvm.dll+0x25f5b5]
V  [jvm.dll+0x3defbf]
V  [jvm.dll+0x3dfaff]
V  [jvm.dll+0x3dfc14]
V  [jvm.dll+0x3dfde3]
V  [jvm.dll+0xe53f2]
V  [jvm.dll+0x1f9b19]
V  [jvm.dll+0x22b2e4]
V  [jvm.dll+0x14d571]
C  [java.exe+0x20b6]
C  [java.exe+0xc9bb]
C  [java.exe+0xca4f]
C  [KERNEL32.DLL+0x16ad]
C  [ntdll.dll+0x6eb64]


---------------  P R O C E S S  ---------------

Java Threads: ( => current thread )

Other Threads:

=>0x0000000002160800 (exited) JavaThread "Unknown thread" [_thread_in_vm, id=10524, stack(0x0000000001f70000,0x0000000002070000)]

VM state:not at safepoint (normal execution)

VM Mutex/Monitor currently owned by a thread: None

Heap:
 PSYoungGen      total 28672K, used 491K [0x00000000e0980000, 0x00000000e2980000, 0x0000000100000000)
  eden space 24576K, 2% used [0x00000000e0980000,0x00000000e09fae20,0x00000000e2180000)
  from space 4096K, 0% used [0x00000000e2580000,0x00000000e2580000,0x00000000e2980000)
  to   space 4096K, 0% used [0x00000000e2180000,0x00000000e2180000,0x00000000e2580000)
 ParOldGen       total 65536K, used 0K [0x00000000a1c00000, 0x00000000a5c00000, 0x00000000e0980000)
  object space 65536K, 0% used [0x00000000a1c00000,0x00000000a1c00000,0x00000000a5c00000)
 Metaspace       used 654K, capacity 4480K, committed 4480K, reserved 1056768K
  class space    used 66K, capacity 384K, committed 384K, reserved 1048576K

Card table byte_map: [0x0000000011620000,0x0000000011920000] byte_map_base: 0x0000000011112000

Marking Bits: (ParMarkBitMap*) 0x0000000058f6d490
 Begin Bits: [0x0000000012320000, 0x0000000013ab0000)
 End Bits:   [0x0000000013ab0000, 0x0000000015240000)

Polling page: 0x0000000000940000

CodeCache: size=245760Kb used=327Kb max_used=327Kb free=245432Kb
 bounds [0x0000000002260000, 0x00000000024d0000, 0x0000000011260000]
 total_blobs=56 nmethods=0 adapters=37
 compilation: enabled

Compilation events (0 events):
No events

GC Heap History (0 events):
No events

Deoptimization events (0 events):
No events

Internal exceptions (0 events):
No events

Events (10 events):
Event: 0.592 loading class java/lang/Short
Event: 0.592 loading class java/lang/Short done
Event: 0.592 loading class java/lang/Integer
Event: 0.592 loading class java/lang/Integer done
Event: 0.592 loading class java/lang/Long
Event: 0.592 loading class java/lang/Long done
Event: 0.593 loading class java/lang/NullPointerException
Event: 0.593 loading class java/lang/NullPointerException done
Event: 0.593 loading class java/lang/ArithmeticException
Event: 0.593 loading class java/lang/ArithmeticException done


Dynamic libraries:
0x00007ff6cad40000 - 0x00007ff6cad74000 	C:\Program Files\Java\jre1.8.0_25\bin\java.exe
0x00007ff83c530000 - 0x00007ff83c6dc000 	C:\WINDOWS\SYSTEM32\ntdll.dll
0x00007ff83c360000 - 0x00007ff83c49a000 	C:\WINDOWS\system32\KERNEL32.DLL
0x00007ff839c00000 - 0x00007ff839d0f000 	C:\WINDOWS\system32\KERNELBASE.dll
0x00007ff8384b0000 - 0x00007ff838538000 	C:\WINDOWS\system32\apphelp.dll
0x00007ff82c320000 - 0x00007ff82c36f000 	C:\WINDOWS\AppPatch\AppPatch64\AcGenral.DLL
0x00007ff83c160000 - 0x00007ff83c207000 	C:\WINDOWS\system32\msvcrt.dll
0x00007ff839680000 - 0x00007ff8396ab000 	C:\WINDOWS\SYSTEM32\SspiCli.dll
0x00007ff83a260000 - 0x00007ff83a2b1000 	C:\WINDOWS\system32\SHLWAPI.dll
0x00007ff83bb00000 - 0x00007ff83bc71000 	C:\WINDOWS\system32\USER32.dll
0x00007ff83a010000 - 0x00007ff83a188000 	C:\WINDOWS\system32\ole32.dll
0x00007ff83a550000 - 0x00007ff83b95f000 	C:\WINDOWS\system32\SHELL32.dll
0x00007ff839120000 - 0x00007ff83913e000 	C:\WINDOWS\SYSTEM32\USERENV.dll
0x00007ff83a4a0000 - 0x00007ff83a545000 	C:\WINDOWS\system32\ADVAPI32.dll
0x00007ff830710000 - 0x00007ff83072b000 	C:\WINDOWS\SYSTEM32\MPR.dll
0x00007ff83bee0000 - 0x00007ff83c017000 	C:\WINDOWS\system32\RPCRT4.dll
0x00007ff83c060000 - 0x00007ff83c0b7000 	C:\WINDOWS\SYSTEM32\sechost.dll
0x00007ff83a2c0000 - 0x00007ff83a496000 	C:\WINDOWS\SYSTEM32\combase.dll
0x00007ff83c210000 - 0x00007ff83c354000 	C:\WINDOWS\system32\GDI32.dll
0x00007ff8398a0000 - 0x00007ff8398b4000 	C:\WINDOWS\SYSTEM32\profapi.dll
0x00007ff837ea0000 - 0x00007ff837f3f000 	C:\WINDOWS\SYSTEM32\SHCORE.dll
0x00007ff83c020000 - 0x00007ff83c054000 	C:\WINDOWS\system32\IMM32.DLL
0x00007ff83bd30000 - 0x00007ff83be69000 	C:\WINDOWS\system32\MSCTF.dll
0x00007ff837a70000 - 0x00007ff837cca000 	C:\WINDOWS\WinSxS\amd64_microsoft.windows.common-controls_6595b64144ccf1df_6.0.9600.17031_none_6242a4b3ecbb55a1\COMCTL32.dll
0x0000000058ff0000 - 0x00000000590c2000 	C:\Program Files\Java\jre1.8.0_25\bin\msvcr100.dll
0x0000000058790000 - 0x0000000058fea000 	C:\Program Files\Java\jre1.8.0_25\bin\server\jvm.dll
0x00007ff822460000 - 0x00007ff822469000 	C:\WINDOWS\SYSTEM32\WSOCK32.dll
0x00007ff836cd0000 - 0x00007ff836cef000 	C:\WINDOWS\SYSTEM32\WINMM.dll
0x00007ff83c4a0000 - 0x00007ff83c4a7000 	C:\WINDOWS\system32\PSAPI.DLL
0x00007ff839dd0000 - 0x00007ff839e28000 	C:\WINDOWS\system32\WS2_32.dll
0x00007ff836a90000 - 0x00007ff836aba000 	C:\WINDOWS\SYSTEM32\WINMMBASE.dll
0x00007ff83c520000 - 0x00007ff83c529000 	C:\WINDOWS\system32\NSI.dll
0x00007ff839d10000 - 0x00007ff839d5a000 	C:\WINDOWS\SYSTEM32\cfgmgr32.dll
0x00007ff838730000 - 0x00007ff838756000 	C:\WINDOWS\SYSTEM32\DEVOBJ.dll
0x0000000058780000 - 0x000000005878f000 	C:\Program Files\Java\jre1.8.0_25\bin\verify.dll
0x0000000058750000 - 0x0000000058778000 	C:\Program Files\Java\jre1.8.0_25\bin\java.dll
0x0000000058730000 - 0x0000000058746000 	C:\Program Files\Java\jre1.8.0_25\bin\zip.dll
0x00007ff8362f0000 - 0x00007ff836478000 	C:\WINDOWS\SYSTEM32\dbghelp.dll

VM Arguments:
java_command: <unknown>
java_class_path (initial): .
Launcher Type: SUN_STANDARD

Environment Variables:
PATH=C:\ProgramData\Oracle\Java\javapath;C:\Program Files (x86)\NVIDIA Corporation\PhysX\Common;C:\Program Files (x86)\Intel\iCLS Client\;C:\Program Files\Intel\iCLS Client\;C:\WINDOWS\system32;C:\WINDOWS;C:\WINDOWS\System32\Wbem;C:\WINDOWS\System32\WindowsPowerShell\v1.0\;C:\Program Files\Intel\Intel(R) Management Engine Components\DAL;C:\Program Files\Intel\Intel(R) Management Engine Components\IPT;C:\Program Files (x86)\Intel\Intel(R) Management Engine Components\DAL;C:\Program Files (x86)\Intel\Intel(R) Management Engine Components\IPT;C:\Program Files (x86)\Intel\OpenCL SDK\2.0\bin\x86;C:\Program Files (x86)\Intel\OpenCL SDK\2.0\bin\x64;C:\Program Files (x86)\GtkSharp\2.12\bin;C:\Program Files (x86)\BaseX\bin;C:\Products\Matisse\bin;C:\Products\Matisse\java\jre\bin;C:\Products\Matisse\java\jre\bin\client
USERNAME=Enrique
OS=Windows_NT
PROCESSOR_IDENTIFIER=Intel64 Family 6 Model 58 Stepping 9, GenuineIntel



---------------  S Y S T E M  ---------------

OS: Windows 8.1 , 64 bit Build 9600 

CPU:total 8 (4 cores per cpu, 2 threads per core) family 6 model 58 stepping 9, cmov, cx8, fxsr, mmx, sse, sse2, sse3, ssse3, sse4.1, sse4.2, popcnt, avx, aes, clmul, erms, ht, tsc, tscinvbit, tscinv

Memory: 4k page, physical 6174344k(1368932k free), swap 6174344k(5556k free)

vm_info: Java HotSpot(TM) 64-Bit Server VM (25.25-b02) for windows-amd64 JRE (1.8.0_25-b18), built on Oct  7 2014 14:25:37 by "java_re" with MS VC++ 10.0 (VS2010)

time: Sun Feb 15 14:26:27 2015
elapsed time: 0 seconds (0d 0h 0m 0s)

