#
# There is insufficient memory for the Java Runtime Environment to continue.
# Native memory allocation (malloc) failed to allocate 1973776 bytes for Chunk::new
# Possible reasons:
#   The system is out of physical RAM or swap space
#   In 32 bit mode, the process size limit was hit
# Possible solutions:
#   Reduce memory load on the system
#   Increase physical memory or swap space
#   Check if swap backing store is full
#   Use 64 bit Java on a 64 bit OS
#   Decrease Java heap size (-Xmx/-Xms)
#   Decrease number of Java threads
#   Decrease Java thread stack sizes (-Xss)
#   Set larger code cache with -XX:ReservedCodeCacheSize=
# This output file may be truncated or incomplete.
#
#  Out of Memory Error (allocation.cpp:390), pid=6540, tid=2648
#
# JRE version: Java(TM) SE Runtime Environment (8.0_25-b18) (build 1.8.0_25-b18)
# Java VM: Java HotSpot(TM) 64-Bit Server VM (25.25-b02 mixed mode windows-amd64 compressed oops)
# Failed to write core dump. Minidumps are not enabled by default on client versions of Windows
#

---------------  T H R E A D  ---------------

Current thread (0x0000000017887000):  JavaThread "C2 CompilerThread0" daemon [_thread_in_native, id=2648, stack(0x0000000017e60000,0x0000000017f60000)]

Stack: [0x0000000017e60000,0x0000000017f60000]
Native frames: (J=compiled Java code, j=interpreted, Vv=VM code, C=native code)
V  [jvm.dll+0x31667a]
V  [jvm.dll+0x267073]
V  [jvm.dll+0x267cb3]
V  [jvm.dll+0x25f5b5]
V  [jvm.dll+0xbf165]
V  [jvm.dll+0xbf60c]
V  [jvm.dll+0x45d672]
V  [jvm.dll+0x49e8ef]
V  [jvm.dll+0x452b41]
V  [jvm.dll+0x453864]
V  [jvm.dll+0x437372]
V  [jvm.dll+0x98a02]
V  [jvm.dll+0x991f3]
V  [jvm.dll+0x22bde4]
V  [jvm.dll+0x2852fa]
C  [msvcr100.dll+0x21d9f]
C  [msvcr100.dll+0x21e3b]
C  [KERNEL32.DLL+0x16ad]
C  [ntdll.dll+0x6eb64]


Current CompileTask:
C2:   5724 1877   !   4       com.android.dx.cf.code.Ropper::processBlock (1101 bytes)


---------------  P R O C E S S  ---------------

Java Threads: ( => current thread )
  0x00000000178a6000 JavaThread "Service Thread" daemon [_thread_blocked, id=8652, stack(0x0000000018260000,0x0000000018360000)]
  0x0000000017898000 JavaThread "C1 CompilerThread3" daemon [_thread_blocked, id=7780, stack(0x0000000018160000,0x0000000018260000)]
  0x000000001788b000 JavaThread "C2 CompilerThread2" daemon [_thread_in_native, id=8296, stack(0x0000000018060000,0x0000000018160000)]
  0x0000000017889000 JavaThread "C2 CompilerThread1" daemon [_thread_in_native, id=7472, stack(0x0000000017f60000,0x0000000018060000)]
=>0x0000000017887000 JavaThread "C2 CompilerThread0" daemon [_thread_in_native, id=2648, stack(0x0000000017e60000,0x0000000017f60000)]
  0x0000000017882000 JavaThread "Attach Listener" daemon [_thread_blocked, id=4656, stack(0x0000000017d60000,0x0000000017e60000)]
  0x000000001788f800 JavaThread "Signal Dispatcher" daemon [_thread_blocked, id=6100, stack(0x0000000017c60000,0x0000000017d60000)]
  0x0000000002d66800 JavaThread "Finalizer" daemon [_thread_blocked, id=8080, stack(0x0000000017760000,0x0000000017860000)]
  0x0000000002d5f800 JavaThread "Reference Handler" daemon [_thread_blocked, id=4752, stack(0x0000000017660000,0x0000000017760000)]
  0x0000000002b6d800 JavaThread "main" [_thread_in_vm, id=8248, stack(0x0000000002b70000,0x0000000002c70000)]

Other Threads:
  0x0000000015889000 VMThread [stack: 0x0000000017560000,0x0000000017660000] [id=6964]
  0x00000000178a8000 WatcherThread [stack: 0x0000000018360000,0x0000000018460000] [id=3200]

VM state:not at safepoint (normal execution)

VM Mutex/Monitor currently owned by a thread: None

Heap:
 PSYoungGen      total 53248K, used 6060K [0x00000000eab00000, 0x00000000ee300000, 0x0000000100000000)
  eden space 49152K, 3% used [0x00000000eab00000,0x00000000eaceb268,0x00000000edb00000)
  from space 4096K, 99% used [0x00000000edb00000,0x00000000edeffeb0,0x00000000edf00000)
  to   space 4096K, 0% used [0x00000000edf00000,0x00000000edf00000,0x00000000ee300000)
 ParOldGen       total 96768K, used 52789K [0x00000000c0000000, 0x00000000c5e80000, 0x00000000eab00000)
  object space 96768K, 54% used [0x00000000c0000000,0x00000000c338d6e8,0x00000000c5e80000)
 Metaspace       used 5828K, capacity 7152K, committed 7296K, reserved 1056768K
  class space    used 565K, capacity 616K, committed 640K, reserved 1048576K

Card table byte_map: [0x0000000012130000,0x0000000012340000] byte_map_base: 0x0000000011b30000

Marking Bits: (ParMarkBitMap*) 0x0000000058f5d490
 Begin Bits: [0x0000000012ca0000, 0x0000000013ca0000)
 End Bits:   [0x0000000013ca0000, 0x0000000014ca0000)

Polling page: 0x0000000001290000

CodeCache: size=245760Kb used=8805Kb max_used=8805Kb free=236954Kb
 bounds [0x0000000002d70000, 0x0000000003620000, 0x0000000011d70000]
 total_blobs=2163 nmethods=1903 adapters=174
 compilation: enabled

Compilation events (10 events):
Event: 5.606 Thread 0x0000000017898000 1977       2       com.android.dx.dex.file.ClassDefItem::addStaticField (10 bytes)
Event: 5.607 Thread 0x0000000017898000 nmethod 1977 0x00000000035cc610 code [0x00000000035cc780, 0x00000000035cc8e8]
Event: 5.634 Thread 0x0000000017898000 1978       2       sun.reflect.generics.reflectiveObjects.ParameterizedTypeImpl::getRawType (5 bytes)
Event: 5.634 Thread 0x0000000017898000 nmethod 1978 0x00000000035cc2d0 code [0x00000000035cc420, 0x00000000035cc570]
Event: 5.634 Thread 0x0000000017898000 1979       2       sun.reflect.generics.reflectiveObjects.ParameterizedTypeImpl::getActualTypeArguments (11 bytes)
Event: 5.634 Thread 0x0000000017898000 nmethod 1979 0x00000000035cbed0 code [0x00000000035cc040, 0x00000000035cc208]
Event: 5.642 Thread 0x0000000017898000 1980       3       com.android.dx.cf.code.LocalsArraySet::mergeWithSubroutineCaller (211 bytes)
Event: 5.644 Thread 0x0000000017898000 nmethod 1980 0x00000000035e7110 code [0x00000000035e7500, 0x00000000035e9448]
Event: 5.644 Thread 0x0000000017898000 1981 %     3       java.util.DualPivotQuicksort::sort @ 685 (1195 bytes)
Event: 5.646 Thread 0x0000000017898000 nmethod 1981% 0x00000000035fa710 code [0x00000000035faae0, 0x00000000035fcde8]

GC Heap History (10 events):
Event: 4.713 GC heap before
{Heap before GC invocations=7 (full 0):
 PSYoungGen      total 53248K, used 53216K [0x00000000eab00000, 0x00000000ee300000, 0x0000000100000000)
  eden space 49152K, 100% used [0x00000000eab00000,0x00000000edb00000,0x00000000edb00000)
  from space 4096K, 99% used [0x00000000edf00000,0x00000000ee2f8310,0x00000000ee300000)
  to   space 4096K, 0% used [0x00000000edb00000,0x00000000edb00000,0x00000000edf00000)
 ParOldGen       total 65536K, used 36117K [0x00000000c0000000, 0x00000000c4000000, 0x00000000eab00000)
  object space 65536K, 55% used [0x00000000c0000000,0x00000000c23457e0,0x00000000c4000000)
 Metaspace       used 5790K, capacity 7088K, committed 7296K, reserved 1056768K
  class space    used 565K, capacity 616K, committed 640K, reserved 1048576K
Event: 4.728 GC heap after
Heap after GC invocations=7 (full 0):
 PSYoungGen      total 53248K, used 4067K [0x00000000eab00000, 0x00000000ee300000, 0x0000000100000000)
  eden space 49152K, 0% used [0x00000000eab00000,0x00000000eab00000,0x00000000edb00000)
  from space 4096K, 99% used [0x00000000edb00000,0x00000000edef8d30,0x00000000edf00000)
  to   space 4096K, 0% used [0x00000000edf00000,0x00000000edf00000,0x00000000ee300000)
 ParOldGen       total 65536K, used 40810K [0x00000000c0000000, 0x00000000c4000000, 0x00000000eab00000)
  object space 65536K, 62% used [0x00000000c0000000,0x00000000c27da860,0x00000000c4000000)
 Metaspace       used 5790K, capacity 7088K, committed 7296K, reserved 1056768K
  class space    used 565K, capacity 616K, committed 640K, reserved 1048576K
}
Event: 4.937 GC heap before
{Heap before GC invocations=8 (full 0):
 PSYoungGen      total 53248K, used 53219K [0x00000000eab00000, 0x00000000ee300000, 0x0000000100000000)
  eden space 49152K, 100% used [0x00000000eab00000,0x00000000edb00000,0x00000000edb00000)
  from space 4096K, 99% used [0x00000000edb00000,0x00000000edef8d30,0x00000000edf00000)
  to   space 4096K, 0% used [0x00000000edf00000,0x00000000edf00000,0x00000000ee300000)
 ParOldGen       total 65536K, used 40810K [0x00000000c0000000, 0x00000000c4000000, 0x00000000eab00000)
  object space 65536K, 62% used [0x00000000c0000000,0x00000000c27da860,0x00000000c4000000)
 Metaspace       used 5811K, capacity 7152K, committed 7296K, reserved 1056768K
  class space    used 565K, capacity 616K, committed 640K, reserved 1048576K
Event: 4.948 GC heap after
Heap after GC invocations=8 (full 0):
 PSYoungGen      total 53248K, used 4078K [0x00000000eab00000, 0x00000000ee300000, 0x0000000100000000)
  eden space 49152K, 0% used [0x00000000eab00000,0x00000000eab00000,0x00000000edb00000)
  from space 4096K, 99% used [0x00000000edf00000,0x00000000ee2fbb20,0x00000000ee300000)
  to   space 4096K, 0% used [0x00000000edb00000,0x00000000edb00000,0x00000000edf00000)
 ParOldGen       total 65536K, used 45774K [0x00000000c0000000, 0x00000000c4000000, 0x00000000eab00000)
  object space 65536K, 69% used [0x00000000c0000000,0x00000000c2cb3900,0x00000000c4000000)
 Metaspace       used 5811K, capacity 7152K, committed 7296K, reserved 1056768K
  class space    used 565K, capacity 616K, committed 640K, reserved 1048576K
}
Event: 5.158 GC heap before
{Heap before GC invocations=9 (full 0):
 PSYoungGen      total 53248K, used 53230K [0x00000000eab00000, 0x00000000ee300000, 0x0000000100000000)
  eden space 49152K, 100% used [0x00000000eab00000,0x00000000edb00000,0x00000000edb00000)
  from space 4096K, 99% used [0x00000000edf00000,0x00000000ee2fbb20,0x00000000ee300000)
  to   space 4096K, 0% used [0x00000000edb00000,0x00000000edb00000,0x00000000edf00000)
 ParOldGen       total 65536K, used 45774K [0x00000000c0000000, 0x00000000c4000000, 0x00000000eab00000)
  object space 65536K, 69% used [0x00000000c0000000,0x00000000c2cb3900,0x00000000c4000000)
 Metaspace       used 5815K, capacity 7152K, committed 7296K, reserved 1056768K
  class space    used 565K, capacity 616K, committed 640K, reserved 1048576K
Event: 5.167 GC heap after
Heap after GC invocations=9 (full 0):
 PSYoungGen      total 53248K, used 4077K [0x00000000eab00000, 0x00000000ee300000, 0x0000000100000000)
  eden space 49152K, 0% used [0x00000000eab00000,0x00000000eab00000,0x00000000edb00000)
  from space 4096K, 99% used [0x00000000edb00000,0x00000000edefb7d0,0x00000000edf00000)
  to   space 4096K, 0% used [0x00000000edf00000,0x00000000edf00000,0x00000000ee300000)
 ParOldGen       total 65536K, used 51369K [0x00000000c0000000, 0x00000000c4000000, 0x00000000eab00000)
  object space 65536K, 78% used [0x00000000c0000000,0x00000000c322a760,0x00000000c4000000)
 Metaspace       used 5815K, capacity 7152K, committed 7296K, reserved 1056768K
  class space    used 565K, capacity 616K, committed 640K, reserved 1048576K
}
Event: 5.366 GC heap before
{Heap before GC invocations=10 (full 0):
 PSYoungGen      total 53248K, used 53229K [0x00000000eab00000, 0x00000000ee300000, 0x0000000100000000)
  eden space 49152K, 100% used [0x00000000eab00000,0x00000000edb00000,0x00000000edb00000)
  from space 4096K, 99% used [0x00000000edb00000,0x00000000edefb7d0,0x00000000edf00000)
  to   space 4096K, 0% used [0x00000000edf00000,0x00000000edf00000,0x00000000ee300000)
 ParOldGen       total 65536K, used 51369K [0x00000000c0000000, 0x00000000c4000000, 0x00000000eab00000)
  object space 65536K, 78% used [0x00000000c0000000,0x00000000c322a760,0x00000000c4000000)
 Metaspace       used 5820K, capacity 7152K, committed 7296K, reserved 1056768K
  class space    used 565K, capacity 616K, committed 640K, reserved 1048576K
Event: 5.374 GC heap after
Heap after GC invocations=10 (full 0):
 PSYoungGen      total 53248K, used 4067K [0x00000000eab00000, 0x00000000ee300000, 0x0000000100000000)
  eden space 49152K, 0% used [0x00000000eab00000,0x00000000eab00000,0x00000000edb00000)
  from space 4096K, 99% used [0x00000000edf00000,0x00000000ee2f8d50,0x00000000ee300000)
  to   space 4096K, 0% used [0x00000000edb00000,0x00000000edb00000,0x00000000edf00000)
 ParOldGen       total 65536K, used 58990K [0x00000000c0000000, 0x00000000c4000000, 0x00000000eab00000)
  object space 65536K, 90% used [0x00000000c0000000,0x00000000c399bb78,0x00000000c4000000)
 Metaspace       used 5820K, capacity 7152K, committed 7296K, reserved 1056768K
  class space    used 565K, capacity 616K, committed 640K, reserved 1048576K
}
Event: 5.374 GC heap before
{Heap before GC invocations=11 (full 1):
 PSYoungGen      total 53248K, used 4067K [0x00000000eab00000, 0x00000000ee300000, 0x0000000100000000)
  eden space 49152K, 0% used [0x00000000eab00000,0x00000000eab00000,0x00000000edb00000)
  from space 4096K, 99% used [0x00000000edf00000,0x00000000ee2f8d50,0x00000000ee300000)
  to   space 4096K, 0% used [0x00000000edb00000,0x00000000edb00000,0x00000000edf00000)
 ParOldGen       total 65536K, used 58990K [0x00000000c0000000, 0x00000000c4000000, 0x00000000eab00000)
  object space 65536K, 90% used [0x00000000c0000000,0x00000000c399bb78,0x00000000c4000000)
 Metaspace       used 5820K, capacity 7152K, committed 7296K, reserved 1056768K
  class space    used 565K, capacity 616K, committed 640K, reserved 1048576K
Event: 5.566 GC heap after
Heap after GC invocations=11 (full 1):
 PSYoungGen      total 53248K, used 0K [0x00000000eab00000, 0x00000000ee300000, 0x0000000100000000)
  eden space 49152K, 0% used [0x00000000eab00000,0x00000000eab00000,0x00000000edb00000)
  from space 4096K, 0% used [0x00000000edf00000,0x00000000edf00000,0x00000000ee300000)
  to   space 4096K, 0% used [0x00000000edb00000,0x00000000edb00000,0x00000000edf00000)
 ParOldGen       total 96768K, used 48257K [0x00000000c0000000, 0x00000000c5e80000, 0x00000000eab00000)
  object space 96768K, 49% used [0x00000000c0000000,0x00000000c2f205d8,0x00000000c5e80000)
 Metaspace       used 5820K, capacity 7152K, committed 7296K, reserved 1056768K
  class space    used 565K, capacity 616K, committed 640K, reserved 1048576K
}

Deoptimization events (10 events):
Event: 3.856 Thread 0x0000000002b6d800 Uncommon trap: reason=unreached action=reinterpret pc=0x0000000003077268 method=java.util.HashMap.putVal(ILjava/lang/Object;Ljava/lang/Object;ZZ)Ljava/lang/Object; @ 109
Event: 3.884 Thread 0x0000000002b6d800 Uncommon trap: reason=unreached action=reinterpret pc=0x00000000034190b0 method=com.android.dx.cf.code.BytecodeArray.parseInstruction(ILcom/android/dx/cf/code/BytecodeArray$Visitor;)I @ 1198
Event: 3.886 Thread 0x0000000002b6d800 Uncommon trap: reason=unreached action=reinterpret pc=0x00000000031bb85c method=java.util.HashMap.putVal(ILjava/lang/Object;Ljava/lang/Object;ZZ)Ljava/lang/Object; @ 109
Event: 4.375 Thread 0x0000000002b6d800 Uncommon trap: reason=class_check action=maybe_recompile pc=0x0000000003445400 method=com.android.dx.ssa.back.FirstFitLocalCombiningAllocator.findNextUnreservedRopReg(IILcom/android/dx/ssa/back/FirstFitLocalCombiningAllocator$Alignment;)I @ 60
Event: 4.376 Thread 0x0000000002b6d800 Uncommon trap: reason=class_check action=maybe_recompile pc=0x0000000003445400 method=com.android.dx.ssa.back.FirstFitLocalCombiningAllocator.findNextUnreservedRopReg(IILcom/android/dx/ssa/back/FirstFitLocalCombiningAllocator$Alignment;)I @ 60
Event: 4.376 Thread 0x0000000002b6d800 Uncommon trap: reason=class_check action=maybe_recompile pc=0x0000000003445400 method=com.android.dx.ssa.back.FirstFitLocalCombiningAllocator.findNextUnreservedRopReg(IILcom/android/dx/ssa/back/FirstFitLocalCombiningAllocator$Alignment;)I @ 60
Event: 4.376 Thread 0x0000000002b6d800 Uncommon trap: reason=class_check action=maybe_recompile pc=0x0000000003445400 method=com.android.dx.ssa.back.FirstFitLocalCombiningAllocator.findNextUnreservedRopReg(IILcom/android/dx/ssa/back/FirstFitLocalCombiningAllocator$Alignment;)I @ 60
Event: 4.493 Thread 0x0000000002b6d800 Uncommon trap: reason=bimorphic action=maybe_recompile pc=0x000000000346f818 method=com.android.dx.cf.code.RopperMachine.run(Lcom/android/dx/cf/code/Frame;II)V @ 988
Event: 4.776 Thread 0x0000000002b6d800 Uncommon trap: reason=unreached action=reinterpret pc=0x00000000034707d4 method=com.android.dx.cf.code.RopperMachine.run(Lcom/android/dx/cf/code/Frame;II)V @ 1500
Event: 5.175 Thread 0x0000000002b6d800 Uncommon trap: reason=class_check action=maybe_recompile pc=0x000000000350626c method=com.android.dx.cf.code.BaseMachine.addResult(Lcom/android/dx/rop/type/TypeBearer;)V @ 23

Internal exceptions (5 events):
Event: 1.699 Thread 0x0000000002b6d800 Exception <a 'java/lang/NoSuchMethodError': Method sun.misc.Unsafe.defineClass(Ljava/lang/String;[BII)Ljava/lang/Class; name or signature does not match> (0x00000000eab0c8c0) thrown at [D:\re\workspace\8-2-build-windows-amd64-cygwin\jdk8u25\1677\hotspot\sr+›-ƒ0û?
Event: 1.699 Thread 0x0000000002b6d800 Exception <a 'java/lang/NoSuchMethodError': Method sun.misc.Unsafe.prefetchRead(Ljava/lang/Object;J)V name or signature does not match> (0x00000000eab0cb50) thrown at [D:\re\workspace\8-2-build-windows-amd64-cygwin\jdk8u25\1677\hotspot\src\share\vm\prims\jqgÐÜ·ß@
Event: 3.734 Thread 0x0000000002b6d800 Exception <a 'java/lang/ArrayIndexOutOfBoundsException': 18> (0x00000000ed1b0e80) thrown at [D:\re\workspace\8-2-build-windows-amd64-cygwin\jdk8u25\1677\hotspot\src\share\vm\interpreter\interpreterRuntime.cpp, line 366]
Event: 3.734 Thread 0x0000000002b6d800 Exception <a 'java/lang/ArrayIndexOutOfBoundsException': 145> (0x00000000ed1b2918) thrown at [D:\re\workspace\8-2-build-windows-amd64-cygwin\jdk8u25\1677\hotspot\src\share\vm\interpreter\interpreterRuntime.cpp, line 366]
Event: 3.749 Thread 0x0000000002b6d800 Exception <a 'java/lang/ArrayIndexOutOfBoundsException'> (0x00000000ed1b3b30) thrown at [D:\re\workspace\8-2-build-windows-amd64-cygwin\jdk8u25\1677\hotspot\src\share\vm\runtime\sharedRuntime.cpp, line 604]

Events (10 events):
Event: 5.567 Thread 0x0000000002b6d800 DEOPT PACKING pc=0x0000000003006fc4 sp=0x0000000002c6eaf0
Event: 5.567 Thread 0x0000000002b6d800 DEOPT UNPACKING pc=0x0000000002db75bf sp=0x0000000002c6e808 mode 0
Event: 5.567 Thread 0x0000000002b6d800 DEOPT PACKING pc=0x0000000003006fc4 sp=0x0000000002c6eaf0
Event: 5.567 Thread 0x0000000002b6d800 DEOPT UNPACKING pc=0x0000000002db75bf sp=0x0000000002c6e808 mode 0
Event: 5.617 Thread 0x0000000002b6d800 DEOPT PACKING pc=0x00000000034bd837 sp=0x0000000002c6ea50
Event: 5.617 Thread 0x0000000002b6d800 DEOPT UNPACKING pc=0x0000000002db75bf sp=0x0000000002c6e780 mode 0
Event: 5.632 Thread 0x0000000002b6d800 DEOPT PACKING pc=0x00000000034bd837 sp=0x0000000002c6ea50
Event: 5.632 Thread 0x0000000002b6d800 DEOPT UNPACKING pc=0x0000000002db75bf sp=0x0000000002c6e780 mode 0
Event: 5.642 Thread 0x0000000002b6d800 DEOPT PACKING pc=0x00000000035877a6 sp=0x0000000002c6e660
Event: 5.642 Thread 0x0000000002b6d800 DEOPT UNPACKING pc=0x0000000002db75bf sp=0x0000000002c6e460 mode 0


Dynamic libraries:
0x00007ff6ce390000 - 0x00007ff6ce3c4000 	C:\PROGRA~1\Java\JRE18~1.0_2\bin\java.exe
0x00007ff83c530000 - 0x00007ff83c6dc000 	C:\WINDOWS\SYSTEM32\ntdll.dll
0x00007ff83c360000 - 0x00007ff83c49a000 	C:\WINDOWS\system32\KERNEL32.DLL
0x00007ff839c00000 - 0x00007ff839d0f000 	C:\WINDOWS\system32\KERNELBASE.dll
0x00007ff8384b0000 - 0x00007ff838538000 	C:\WINDOWS\system32\apphelp.dll
0x00007ff82d4a0000 - 0x00007ff82d4ef000 	C:\WINDOWS\AppPatch\AppPatch64\AcGenral.DLL
0x00007ff83c160000 - 0x00007ff83c207000 	C:\WINDOWS\system32\msvcrt.dll
0x00007ff839680000 - 0x00007ff8396ab000 	C:\WINDOWS\SYSTEM32\SspiCli.dll
0x00007ff83a260000 - 0x00007ff83a2b1000 	C:\WINDOWS\system32\SHLWAPI.dll
0x00007ff83bb00000 - 0x00007ff83bc71000 	C:\WINDOWS\system32\USER32.dll
0x00007ff83a010000 - 0x00007ff83a188000 	C:\WINDOWS\system32\ole32.dll
0x00007ff83a550000 - 0x00007ff83b95f000 	C:\WINDOWS\system32\SHELL32.dll
0x00007ff839120000 - 0x00007ff83913e000 	C:\WINDOWS\SYSTEM32\USERENV.dll
0x00007ff83a4a0000 - 0x00007ff83a545000 	C:\WINDOWS\system32\ADVAPI32.dll
0x00007ff830710000 - 0x00007ff83072b000 	C:\WINDOWS\SYSTEM32\MPR.dll
0x00007ff83bee0000 - 0x00007ff83c017000 	C:\WINDOWS\system32\RPCRT4.dll
0x00007ff83c060000 - 0x00007ff83c0b7000 	C:\WINDOWS\SYSTEM32\sechost.dll
0x00007ff83a2c0000 - 0x00007ff83a496000 	C:\WINDOWS\SYSTEM32\combase.dll
0x00007ff83c210000 - 0x00007ff83c354000 	C:\WINDOWS\system32\GDI32.dll
0x00007ff8398a0000 - 0x00007ff8398b4000 	C:\WINDOWS\SYSTEM32\profapi.dll
0x00007ff837ea0000 - 0x00007ff837f3f000 	C:\WINDOWS\SYSTEM32\SHCORE.dll
0x00007ff83c020000 - 0x00007ff83c054000 	C:\WINDOWS\system32\IMM32.DLL
0x00007ff83bd30000 - 0x00007ff83be69000 	C:\WINDOWS\system32\MSCTF.dll
0x00007ff837a70000 - 0x00007ff837cca000 	C:\WINDOWS\WinSxS\amd64_microsoft.windows.common-controls_6595b64144ccf1df_6.0.9600.17031_none_6242a4b3ecbb55a1\COMCTL32.dll
0x0000000058fe0000 - 0x00000000590b2000 	C:\PROGRA~1\Java\JRE18~1.0_2\bin\msvcr100.dll
0x0000000058780000 - 0x0000000058fda000 	C:\PROGRA~1\Java\JRE18~1.0_2\bin\server\jvm.dll
0x00007ff822460000 - 0x00007ff822469000 	C:\WINDOWS\SYSTEM32\WSOCK32.dll
0x00007ff836cd0000 - 0x00007ff836cef000 	C:\WINDOWS\SYSTEM32\WINMM.dll
0x00007ff83c4a0000 - 0x00007ff83c4a7000 	C:\WINDOWS\system32\PSAPI.DLL
0x00007ff839dd0000 - 0x00007ff839e28000 	C:\WINDOWS\system32\WS2_32.dll
0x00007ff836a90000 - 0x00007ff836aba000 	C:\WINDOWS\SYSTEM32\WINMMBASE.dll
0x00007ff83c520000 - 0x00007ff83c529000 	C:\WINDOWS\system32\NSI.dll
0x00007ff839d10000 - 0x00007ff839d5a000 	C:\WINDOWS\SYSTEM32\cfgmgr32.dll
0x00007ff838730000 - 0x00007ff838756000 	C:\WINDOWS\SYSTEM32\DEVOBJ.dll
0x0000000058770000 - 0x000000005877f000 	C:\PROGRA~1\Java\JRE18~1.0_2\bin\verify.dll
0x0000000058740000 - 0x0000000058768000 	C:\PROGRA~1\Java\JRE18~1.0_2\bin\java.dll
0x0000000058720000 - 0x0000000058736000 	C:\PROGRA~1\Java\JRE18~1.0_2\bin\zip.dll
0x00007ff8362f0000 - 0x00007ff836478000 	C:\WINDOWS\SYSTEM32\dbghelp.dll

VM Arguments:
jvm_args: -Xmx1024M -Xss1m -Djava.ext.dirs=C:\Users\Enrique\AppData\Local\Android\sdk\build-tools\21.1.2\lib 
java_command: C:\Users\Enrique\AppData\Local\Android\sdk\build-tools\21.1.2\lib\dx.jar --dex --output C:\Users\Enrique\AndroidStudioProjects\DAKI\app\build\intermediates\pre-dexed\debug\mysql-connector-java-5.1.34-74977fa4e1022d08c544951687c1baa03e6ee1b8.jar C:\Users\Enrique\.gradle\caches\modules-2\files-2.1\mysql\mysql-connector-java\5.1.34\46deba4adbdb4967367b013cbc67b7f7373da60a\mysql-connector-java-5.1.34.jar
java_class_path (initial): C:\Users\Enrique\AppData\Local\Android\sdk\build-tools\21.1.2\lib\dx.jar
Launcher Type: SUN_STANDARD

Environment Variables:
PATH=C:\ProgramData\Oracle\Java\javapath;C:\Program Files (x86)\NVIDIA Corporation\PhysX\Common;C:\Program Files (x86)\Intel\iCLS Client\;C:\Program Files\Intel\iCLS Client\;C:\WINDOWS\system32;C:\WINDOWS;C:\WINDOWS\System32\Wbem;C:\WINDOWS\System32\WindowsPowerShell\v1.0\;C:\Program Files\Intel\Intel(R) Management Engine Components\DAL;C:\Program Files\Intel\Intel(R) Management Engine Components\IPT;C:\Program Files (x86)\Intel\Intel(R) Management Engine Components\DAL;C:\Program Files (x86)\Intel\Intel(R) Management Engine Components\IPT;C:\Program Files (x86)\Intel\OpenCL SDK\2.0\bin\x86;C:\Program Files (x86)\Intel\OpenCL SDK\2.0\bin\x64;C:\Program Files (x86)\GtkSharp\2.12\bin;C:\Program Files (x86)\BaseX\bin;C:\Products\Matisse\bin;C:\Products\Matisse\java\jre\bin;C:\Products\Matisse\java\jre\bin\client
USERNAME=Enrique
OS=Windows_NT
PROCESSOR_IDENTIFIER=Intel64 Family 6 Model 58 Stepping 9, GenuineIntel



---------------  S Y S T E M  ---------------

OS: Windows 8.1 , 64 bit Build 9600 

CPU:total 8 (4 cores per cpu, 2 threads per core) family 6 model 58 stepping 9, cmov, cx8, fxsr, mmx, sse, sse2, sse3, ssse3, sse4.1, sse4.2, popcnt, avx, aes, clmul, erms, ht, tsc, tscinvbit, tscinv

Memory: 4k page, physical 6174344k(1513836k free), swap 6174344k(8184k free)

vm_info: Java HotSpot(TM) 64-Bit Server VM (25.25-b02) for windows-amd64 JRE (1.8.0_25-b18), built on Oct  7 2014 14:25:37 by "java_re" with MS VC++ 10.0 (VS2010)

time: Thu Feb 12 17:03:35 2015
elapsed time: 5 seconds (0d 0h 0m 5s)

