#
# There is insufficient memory for the Java Runtime Environment to continue.
# Native memory allocation (malloc) failed to allocate 33554448 bytes for Chunk::new
# Possible reasons:
#   The system is out of physical RAM or swap space
#   In 32 bit mode, the process size limit was hit
# Possible solutions:
#   Reduce memory load on the system
#   Increase physical memory or swap space
#   Check if swap backing store is full
#   Use 64 bit Java on a 64 bit OS
#   Decrease Java heap size (-Xmx/-Xms)
#   Decrease number of Java threads
#   Decrease Java thread stack sizes (-Xss)
#   Set larger code cache with -XX:ReservedCodeCacheSize=
# This output file may be truncated or incomplete.
#
#  Out of Memory Error (allocation.cpp:390), pid=1828, tid=9140
#
# JRE version: Java(TM) SE Runtime Environment (8.0_25-b18) (build 1.8.0_25-b18)
# Java VM: Java HotSpot(TM) 64-Bit Server VM (25.25-b02 mixed mode windows-amd64 compressed oops)
# Failed to write core dump. Minidumps are not enabled by default on client versions of Windows
#

---------------  T H R E A D  ---------------

Current thread (0x00000000179d5800):  JavaThread "C2 CompilerThread1" daemon [_thread_in_native, id=9140, stack(0x00000000180b0000,0x00000000181b0000)]

Stack: [0x00000000180b0000,0x00000000181b0000]
Native frames: (J=compiled Java code, j=interpreted, Vv=VM code, C=native code)
V  [jvm.dll+0x31667a]
V  [jvm.dll+0x267073]
V  [jvm.dll+0x267cb3]
V  [jvm.dll+0x25f5b5]
V  [jvm.dll+0xbf165]
V  [jvm.dll+0xbf60c]
V  [jvm.dll+0x40c68]
V  [jvm.dll+0x45f0b0]
V  [jvm.dll+0x45f36a]
V  [jvm.dll+0x46024f]
V  [jvm.dll+0x4625fa]
V  [jvm.dll+0x464745]
V  [jvm.dll+0x4650cc]
V  [jvm.dll+0x465413]
V  [jvm.dll+0x4522c3]
V  [jvm.dll+0x453864]
V  [jvm.dll+0x437372]
V  [jvm.dll+0x98a02]
V  [jvm.dll+0x991f3]
V  [jvm.dll+0x22bde4]
V  [jvm.dll+0x2852fa]
C  [msvcr100.dll+0x21d9f]
C  [msvcr100.dll+0x21e3b]
C  [KERNEL32.DLL+0x16ad]
C  [ntdll.dll+0x6eb64]


Current CompileTask:
C2:   3114 1857   !   4       com.android.dx.cf.code.Ropper::processBlock (1101 bytes)


---------------  P R O C E S S  ---------------

Java Threads: ( => current thread )
  0x0000000017a64800 JavaThread "Service Thread" daemon [_thread_blocked, id=8196, stack(0x00000000183b0000,0x00000000184b0000)]
  0x00000000179e6000 JavaThread "C1 CompilerThread3" daemon [_thread_blocked, id=9048, stack(0x00000000182b0000,0x00000000183b0000)]
  0x00000000179e4000 JavaThread "C2 CompilerThread2" daemon [_thread_in_native, id=8716, stack(0x00000000181b0000,0x00000000182b0000)]
=>0x00000000179d5800 JavaThread "C2 CompilerThread1" daemon [_thread_in_native, id=9140, stack(0x00000000180b0000,0x00000000181b0000)]
  0x00000000179d3000 JavaThread "C2 CompilerThread0" daemon [_thread_in_native, id=7492, stack(0x0000000017fb0000,0x00000000180b0000)]
  0x00000000179de800 JavaThread "Attach Listener" daemon [_thread_blocked, id=7156, stack(0x0000000017eb0000,0x0000000017fb0000)]
  0x00000000159ee000 JavaThread "Signal Dispatcher" daemon [_thread_blocked, id=7564, stack(0x0000000017db0000,0x0000000017eb0000)]
  0x0000000002eb6000 JavaThread "Finalizer" daemon [_thread_blocked, id=9132, stack(0x00000000178b0000,0x00000000179b0000)]
  0x0000000002eaf000 JavaThread "Reference Handler" daemon [_thread_blocked, id=7972, stack(0x00000000177b0000,0x00000000178b0000)]
  0x00000000013ed800 JavaThread "main" [_thread_in_Java, id=8404, stack(0x0000000002cc0000,0x0000000002dc0000)]

Other Threads:
  0x00000000159d9000 VMThread [stack: 0x00000000176b0000,0x00000000177b0000] [id=8528]
  0x0000000017a7d000 WatcherThread [stack: 0x00000000184b0000,0x00000000185b0000] [id=7296]

VM state:not at safepoint (normal execution)

VM Mutex/Monitor currently owned by a thread: None

Heap:
 PSYoungGen      total 204288K, used 185988K [0x00000000eab00000, 0x00000000f9400000, 0x0000000100000000)
  eden space 186880K, 90% used [0x00000000eab00000,0x00000000f4fa19a0,0x00000000f6180000)
  from space 17408K, 99% used [0x00000000f7800000,0x00000000f88ffa38,0x00000000f8900000)
  to   space 23040K, 0% used [0x00000000f6180000,0x00000000f6180000,0x00000000f7800000)
 ParOldGen       total 65536K, used 30442K [0x00000000c0000000, 0x00000000c4000000, 0x00000000eab00000)
  object space 65536K, 46% used [0x00000000c0000000,0x00000000c1dbaba0,0x00000000c4000000)
 Metaspace       used 5850K, capacity 7152K, committed 7296K, reserved 1056768K
  class space    used 564K, capacity 616K, committed 640K, reserved 1048576K

Card table byte_map: [0x0000000012280000,0x0000000012490000] byte_map_base: 0x0000000011c80000

Marking Bits: (ParMarkBitMap*) 0x0000000058f5d490
 Begin Bits: [0x0000000012df0000, 0x0000000013df0000)
 End Bits:   [0x0000000013df0000, 0x0000000014df0000)

Polling page: 0x00000000013c0000

CodeCache: size=245760Kb used=8542Kb max_used=8576Kb free=237217Kb
 bounds [0x0000000002ec0000, 0x0000000003730000, 0x0000000011ec0000]
 total_blobs=2149 nmethods=1889 adapters=174
 compilation: enabled

Compilation events (10 events):
Event: 3.077 Thread 0x00000000179e6000 1982       2       com.android.dx.rop.code.Rops::opAget (97 bytes)
Event: 3.077 Thread 0x00000000179e6000 nmethod 1982 0x0000000003710b90 code [0x0000000003710d60, 0x0000000003711298]
Event: 3.088 Thread 0x00000000179e6000 1984       2       com.android.dx.cf.cst.ConstantPoolParser::parseIfNecessary (12 bytes)
Event: 3.088 Thread 0x00000000179e6000 nmethod 1984 0x0000000003710810 code [0x0000000003710980, 0x0000000003710b08]
Event: 3.088 Thread 0x00000000179e6000 1985       2       com.android.dx.cf.direct.MemberListParser::<init> (74 bytes)
Event: 3.088 Thread 0x00000000179e6000 nmethod 1985 0x00000000037101d0 code [0x0000000003710360, 0x00000000037106a8]
Event: 3.088 Thread 0x00000000179e6000 1986       2       com.android.dx.cf.direct.MemberListParser::setObserver (6 bytes)
Event: 3.088 Thread 0x00000000179e6000 nmethod 1986 0x000000000370fe90 code [0x000000000370ffe0, 0x0000000003710150]
Event: 3.088 Thread 0x00000000179e6000 1987       2       com.android.dx.cf.direct.DirectClassFile::getMethods (9 bytes)
Event: 3.088 Thread 0x00000000179e6000 nmethod 1987 0x000000000370fad0 code [0x000000000370fc40, 0x000000000370fdc8]

GC Heap History (10 events):
Event: 0.984 GC heap before
{Heap before GC invocations=4 (full 0):
 PSYoungGen      total 28672K, used 28661K [0x00000000eab00000, 0x00000000ee300000, 0x0000000100000000)
  eden space 24576K, 100% used [0x00000000eab00000,0x00000000ec300000,0x00000000ec300000)
  from space 4096K, 99% used [0x00000000ec300000,0x00000000ec6fd6f8,0x00000000ec700000)
  to   space 4096K, 0% used [0x00000000edf00000,0x00000000edf00000,0x00000000ee300000)
 ParOldGen       total 65536K, used 10992K [0x00000000c0000000, 0x00000000c4000000, 0x00000000eab00000)
  object space 65536K, 16% used [0x00000000c0000000,0x00000000c0abc1d0,0x00000000c4000000)
 Metaspace       used 5579K, capacity 7024K, committed 7296K, reserved 1056768K
  class space    used 543K, capacity 616K, committed 640K, reserved 1048576K
Event: 0.992 GC heap after
Heap after GC invocations=4 (full 0):
 PSYoungGen      total 53248K, used 4092K [0x00000000eab00000, 0x00000000ee300000, 0x0000000100000000)
  eden space 49152K, 0% used [0x00000000eab00000,0x00000000eab00000,0x00000000edb00000)
  from space 4096K, 99% used [0x00000000edf00000,0x00000000ee2ff270,0x00000000ee300000)
  to   space 4096K, 0% used [0x00000000edb00000,0x00000000edb00000,0x00000000edf00000)
 ParOldGen       total 65536K, used 14106K [0x00000000c0000000, 0x00000000c4000000, 0x00000000eab00000)
  object space 65536K, 21% used [0x00000000c0000000,0x00000000c0dc6ad0,0x00000000c4000000)
 Metaspace       used 5579K, capacity 7024K, committed 7296K, reserved 1056768K
  class space    used 543K, capacity 616K, committed 640K, reserved 1048576K
}
Event: 1.276 GC heap before
{Heap before GC invocations=5 (full 0):
 PSYoungGen      total 53248K, used 53244K [0x00000000eab00000, 0x00000000ee300000, 0x0000000100000000)
  eden space 49152K, 100% used [0x00000000eab00000,0x00000000edb00000,0x00000000edb00000)
  from space 4096K, 99% used [0x00000000edf00000,0x00000000ee2ff270,0x00000000ee300000)
  to   space 4096K, 0% used [0x00000000edb00000,0x00000000edb00000,0x00000000edf00000)
 ParOldGen       total 65536K, used 14106K [0x00000000c0000000, 0x00000000c4000000, 0x00000000eab00000)
  object space 65536K, 21% used [0x00000000c0000000,0x00000000c0dc6ad0,0x00000000c4000000)
 Metaspace       used 5752K, capacity 7088K, committed 7296K, reserved 1056768K
  class space    used 563K, capacity 616K, committed 640K, reserved 1048576K
Event: 1.289 GC heap after
Heap after GC invocations=5 (full 0):
 PSYoungGen      total 53248K, used 4068K [0x00000000eab00000, 0x00000000f2300000, 0x0000000100000000)
  eden space 49152K, 0% used [0x00000000eab00000,0x00000000eab00000,0x00000000edb00000)
  from space 4096K, 99% used [0x00000000edb00000,0x00000000edef90c8,0x00000000edf00000)
  to   space 12288K, 0% used [0x00000000f1700000,0x00000000f1700000,0x00000000f2300000)
 ParOldGen       total 65536K, used 19948K [0x00000000c0000000, 0x00000000c4000000, 0x00000000eab00000)
  object space 65536K, 30% used [0x00000000c0000000,0x00000000c137b270,0x00000000c4000000)
 Metaspace       used 5752K, capacity 7088K, committed 7296K, reserved 1056768K
  class space    used 563K, capacity 616K, committed 640K, reserved 1048576K
}
Event: 1.546 GC heap before
{Heap before GC invocations=6 (full 0):
 PSYoungGen      total 53248K, used 53220K [0x00000000eab00000, 0x00000000f2300000, 0x0000000100000000)
  eden space 49152K, 100% used [0x00000000eab00000,0x00000000edb00000,0x00000000edb00000)
  from space 4096K, 99% used [0x00000000edb00000,0x00000000edef90c8,0x00000000edf00000)
  to   space 12288K, 0% used [0x00000000f1700000,0x00000000f1700000,0x00000000f2300000)
 ParOldGen       total 65536K, used 19948K [0x00000000c0000000, 0x00000000c4000000, 0x00000000eab00000)
  object space 65536K, 30% used [0x00000000c0000000,0x00000000c137b270,0x00000000c4000000)
 Metaspace       used 5784K, capacity 7088K, committed 7296K, reserved 1056768K
  class space    used 563K, capacity 616K, committed 640K, reserved 1048576K
Event: 1.558 GC heap after
Heap after GC invocations=6 (full 0):
 PSYoungGen      total 108544K, used 12284K [0x00000000eab00000, 0x00000000f2700000, 0x0000000100000000)
  eden space 96256K, 0% used [0x00000000eab00000,0x00000000eab00000,0x00000000f0900000)
  from space 12288K, 99% used [0x00000000f1700000,0x00000000f22ff240,0x00000000f2300000)
  to   space 14336K, 0% used [0x00000000f0900000,0x00000000f0900000,0x00000000f1700000)
 ParOldGen       total 65536K, used 20407K [0x00000000c0000000, 0x00000000c4000000, 0x00000000eab00000)
  object space 65536K, 31% used [0x00000000c0000000,0x00000000c13edd68,0x00000000c4000000)
 Metaspace       used 5784K, capacity 7088K, committed 7296K, reserved 1056768K
  class space    used 563K, capacity 616K, committed 640K, reserved 1048576K
}
Event: 1.977 GC heap before
{Heap before GC invocations=7 (full 0):
 PSYoungGen      total 108544K, used 108540K [0x00000000eab00000, 0x00000000f2700000, 0x0000000100000000)
  eden space 96256K, 100% used [0x00000000eab00000,0x00000000f0900000,0x00000000f0900000)
  from space 12288K, 99% used [0x00000000f1700000,0x00000000f22ff240,0x00000000f2300000)
  to   space 14336K, 0% used [0x00000000f0900000,0x00000000f0900000,0x00000000f1700000)
 ParOldGen       total 65536K, used 20407K [0x00000000c0000000, 0x00000000c4000000, 0x00000000eab00000)
  object space 65536K, 31% used [0x00000000c0000000,0x00000000c13edd68,0x00000000c4000000)
 Metaspace       used 5799K, capacity 7088K, committed 7296K, reserved 1056768K
  class space    used 563K, capacity 616K, committed 640K, reserved 1048576K
Event: 1.998 GC heap after
Heap after GC invocations=7 (full 0):
 PSYoungGen      total 110592K, used 14327K [0x00000000eab00000, 0x00000000f8900000, 0x0000000100000000)
  eden space 96256K, 0% used [0x00000000eab00000,0x00000000eab00000,0x00000000f0900000)
  from space 14336K, 99% used [0x00000000f0900000,0x00000000f16fde80,0x00000000f1700000)
  to   space 17408K, 0% used [0x00000000f7800000,0x00000000f7800000,0x00000000f8900000)
 ParOldGen       total 65536K, used 23232K [0x00000000c0000000, 0x00000000c4000000, 0x00000000eab00000)
  object space 65536K, 35% used [0x00000000c0000000,0x00000000c16b02b8,0x00000000c4000000)
 Metaspace       used 5799K, capacity 7088K, committed 7296K, reserved 1056768K
  class space    used 563K, capacity 616K, committed 640K, reserved 1048576K
}
Event: 2.385 GC heap before
{Heap before GC invocations=8 (full 0):
 PSYoungGen      total 110592K, used 110583K [0x00000000eab00000, 0x00000000f8900000, 0x0000000100000000)
  eden space 96256K, 100% used [0x00000000eab00000,0x00000000f0900000,0x00000000f0900000)
  from space 14336K, 99% used [0x00000000f0900000,0x00000000f16fde80,0x00000000f1700000)
  to   space 17408K, 0% used [0x00000000f7800000,0x00000000f7800000,0x00000000f8900000)
 ParOldGen       total 65536K, used 23232K [0x00000000c0000000, 0x00000000c4000000, 0x00000000eab00000)
  object space 65536K, 35% used [0x00000000c0000000,0x00000000c16b02b8,0x00000000c4000000)
 Metaspace       used 5807K, capacity 7088K, committed 7296K, reserved 1056768K
  class space    used 563K, capacity 616K, committed 640K, reserved 1048576K
Event: 2.403 GC heap after
Heap after GC invocations=8 (full 0):
 PSYoungGen      total 204288K, used 17406K [0x00000000eab00000, 0x00000000f9400000, 0x0000000100000000)
  eden space 186880K, 0% used [0x00000000eab00000,0x00000000eab00000,0x00000000f6180000)
  from space 17408K, 99% used [0x00000000f7800000,0x00000000f88ffa38,0x00000000f8900000)
  to   space 23040K, 0% used [0x00000000f6180000,0x00000000f6180000,0x00000000f7800000)
 ParOldGen       total 65536K, used 30442K [0x00000000c0000000, 0x00000000c4000000, 0x00000000eab00000)
  object space 65536K, 46% used [0x00000000c0000000,0x00000000c1dbaba0,0x00000000c4000000)
 Metaspace       used 5807K, capacity 7088K, committed 7296K, reserved 1056768K
  class space    used 563K, capacity 616K, committed 640K, reserved 1048576K
}

Deoptimization events (10 events):
Event: 1.692 Thread 0x00000000013ed800 Uncommon trap: reason=bimorphic action=maybe_recompile pc=0x000000000361e8b8 method=com.android.dx.cf.code.BytecodeArray.parseInstruction(ILcom/android/dx/cf/code/BytecodeArray$Visitor;)I @ 971
Event: 1.692 Thread 0x00000000013ed800 Uncommon trap: reason=bimorphic action=maybe_recompile pc=0x000000000361e7a0 method=com.android.dx.cf.code.BytecodeArray.parseInstruction(ILcom/android/dx/cf/code/BytecodeArray$Visitor;)I @ 939
Event: 1.692 Thread 0x00000000013ed800 Uncommon trap: reason=unreached action=reinterpret pc=0x0000000003603ccc method=com.android.dx.cf.code.RopperMachine.run(Lcom/android/dx/cf/code/Frame;II)V @ 1500
Event: 2.490 Thread 0x00000000013ed800 Uncommon trap: reason=bimorphic action=maybe_recompile pc=0x00000000036b0c58 method=com.android.dx.cf.code.BytecodeArray.parseInstruction(ILcom/android/dx/cf/code/BytecodeArray$Visitor;)I @ 1161
Event: 2.490 Thread 0x00000000013ed800 Uncommon trap: reason=bimorphic action=maybe_recompile pc=0x00000000036b0c58 method=com.android.dx.cf.code.BytecodeArray.parseInstruction(ILcom/android/dx/cf/code/BytecodeArray$Visitor;)I @ 1161
Event: 2.930 Thread 0x00000000013ed800 Uncommon trap: reason=bimorphic action=maybe_recompile pc=0x000000000354455c method=com.android.dx.ssa.LiteralOpUpgrader.tryReplacingWithConstant(Lcom/android/dx/ssa/NormalSsaInsn;)Z @ 62
Event: 2.930 Thread 0x00000000013ed800 Uncommon trap: reason=unreached action=reinterpret pc=0x000000000327889c method=com.android.dx.ssa.SsaMethod.updateOneDefinition(Lcom/android/dx/ssa/SsaInsn;Lcom/android/dx/rop/code/RegisterSpec;)V @ 4
Event: 2.930 Thread 0x00000000013ed800 Uncommon trap: reason=bimorphic action=maybe_recompile pc=0x000000000354455c method=com.android.dx.ssa.LiteralOpUpgrader.tryReplacingWithConstant(Lcom/android/dx/ssa/NormalSsaInsn;)Z @ 62
Event: 2.934 Thread 0x00000000013ed800 Uncommon trap: reason=bimorphic action=maybe_recompile pc=0x000000000354455c method=com.android.dx.ssa.LiteralOpUpgrader.tryReplacingWithConstant(Lcom/android/dx/ssa/NormalSsaInsn;)Z @ 62
Event: 2.934 Thread 0x00000000013ed800 Uncommon trap: reason=bimorphic action=maybe_recompile pc=0x000000000354455c method=com.android.dx.ssa.LiteralOpUpgrader.tryReplacingWithConstant(Lcom/android/dx/ssa/NormalSsaInsn;)Z @ 62

Internal exceptions (5 events):
Event: 0.024 Thread 0x00000000013ed800 Exception <a 'java/lang/NoSuchMethodError': Method sun.misc.Unsafe.defineClass(Ljava/lang/String;[BII)Ljava/lang/Class; name or signature does not match> (0x00000000eab0c8b8) thrown at [D:\re\workspace\8-2-build-windows-amd64-cygwin\jdk8u25\1677\hotspot\sr!Vu8ò?
Event: 0.024 Thread 0x00000000013ed800 Exception <a 'java/lang/NoSuchMethodError': Method sun.misc.Unsafe.prefetchRead(Ljava/lang/Object;J)V name or signature does not match> (0x00000000eab0cb48) thrown at [D:\re\workspace\8-2-build-windows-amd64-cygwin\jdk8u25\1677\hotspot\src\share\vm\prims\jl–bR˝êÒ?
Event: 1.098 Thread 0x00000000013ed800 Exception <a 'java/lang/ArrayIndexOutOfBoundsException': 18> (0x00000000eb94dc50) thrown at [D:\re\workspace\8-2-build-windows-amd64-cygwin\jdk8u25\1677\hotspot\src\share\vm\interpreter\interpreterRuntime.cpp, line 366]
Event: 1.098 Thread 0x00000000013ed800 Exception <a 'java/lang/ArrayIndexOutOfBoundsException': 145> (0x00000000eb94f6e8) thrown at [D:\re\workspace\8-2-build-windows-amd64-cygwin\jdk8u25\1677\hotspot\src\share\vm\interpreter\interpreterRuntime.cpp, line 366]
Event: 1.100 Thread 0x00000000013ed800 Exception <a 'java/lang/ArrayIndexOutOfBoundsException'> (0x00000000eb950900) thrown at [D:\re\workspace\8-2-build-windows-amd64-cygwin\jdk8u25\1677\hotspot\src\share\vm\runtime\sharedRuntime.cpp, line 604]

Events (10 events):
Event: 3.005 Thread 0x00000000013ed800 DEOPT PACKING pc=0x00000000032027fd sp=0x0000000002dbebc0
Event: 3.005 Thread 0x00000000013ed800 DEOPT UNPACKING pc=0x0000000002f075bf sp=0x0000000002dbe960 mode 0
Event: 3.045 Thread 0x00000000013ed800 DEOPT PACKING pc=0x00000000035f07e2 sp=0x0000000002dbeb90
Event: 3.045 Thread 0x00000000013ed800 DEOPT UNPACKING pc=0x0000000002f075bf sp=0x0000000002dbe8b0 mode 0
Event: 3.047 Thread 0x00000000013ed800 DEOPT PACKING pc=0x0000000003581731 sp=0x0000000002dbeab0
Event: 3.047 Thread 0x00000000013ed800 DEOPT UNPACKING pc=0x0000000002f075bf sp=0x0000000002dbe8e0 mode 0
Event: 3.049 Thread 0x00000000013ed800 DEOPT PACKING pc=0x0000000003348831 sp=0x0000000002dbeb70
Event: 3.049 Thread 0x00000000013ed800 DEOPT UNPACKING pc=0x0000000002f075bf sp=0x0000000002dbe900 mode 0
Event: 3.085 Thread 0x00000000013ed800 DEOPT PACKING pc=0x0000000003581731 sp=0x0000000002dbeab0
Event: 3.085 Thread 0x00000000013ed800 DEOPT UNPACKING pc=0x0000000002f075bf sp=0x0000000002dbe8e0 mode 0


Dynamic libraries:
0x00007ff726d00000 - 0x00007ff726d34000 	C:\PROGRA~3\Oracle\Java\javapath\java.exe
0x00007ff83c530000 - 0x00007ff83c6dc000 	C:\WINDOWS\SYSTEM32\ntdll.dll
0x00007ff83c360000 - 0x00007ff83c49a000 	C:\WINDOWS\system32\KERNEL32.DLL
0x00007ff839c00000 - 0x00007ff839d0f000 	C:\WINDOWS\system32\KERNELBASE.dll
0x00007ff8384b0000 - 0x00007ff838538000 	C:\WINDOWS\system32\apphelp.dll
0x00007ff82d4a0000 - 0x00007ff82d4ef000 	C:\WINDOWS\AppPatch\AppPatch64\AcGenral.DLL
0x00007ff83c160000 - 0x00007ff83c207000 	C:\WINDOWS\system32\msvcrt.dll
0x00007ff839680000 - 0x00007ff8396ab000 	C:\WINDOWS\SYSTEM32\SspiCli.dll
0x00007ff83a260000 - 0x00007ff83a2b1000 	C:\WINDOWS\system32\SHLWAPI.dll
0x00007ff83bb00000 - 0x00007ff83bc71000 	C:\WINDOWS\system32\USER32.dll
0x00007ff83a010000 - 0x00007ff83a188000 	C:\WINDOWS\system32\ole32.dll
0x00007ff83a550000 - 0x00007ff83b95f000 	C:\WINDOWS\system32\SHELL32.dll
0x00007ff839120000 - 0x00007ff83913e000 	C:\WINDOWS\SYSTEM32\USERENV.dll
0x00007ff83a4a0000 - 0x00007ff83a545000 	C:\WINDOWS\system32\ADVAPI32.dll
0x00007ff830710000 - 0x00007ff83072b000 	C:\WINDOWS\SYSTEM32\MPR.dll
0x00007ff83bee0000 - 0x00007ff83c017000 	C:\WINDOWS\system32\RPCRT4.dll
0x00007ff83c060000 - 0x00007ff83c0b7000 	C:\WINDOWS\SYSTEM32\sechost.dll
0x00007ff83a2c0000 - 0x00007ff83a496000 	C:\WINDOWS\SYSTEM32\combase.dll
0x00007ff83c210000 - 0x00007ff83c354000 	C:\WINDOWS\system32\GDI32.dll
0x00007ff8398a0000 - 0x00007ff8398b4000 	C:\WINDOWS\SYSTEM32\profapi.dll
0x00007ff837ea0000 - 0x00007ff837f3f000 	C:\WINDOWS\SYSTEM32\SHCORE.dll
0x00007ff83c020000 - 0x00007ff83c054000 	C:\WINDOWS\system32\IMM32.DLL
0x00007ff83bd30000 - 0x00007ff83be69000 	C:\WINDOWS\system32\MSCTF.dll
0x00007ff837a70000 - 0x00007ff837cca000 	C:\WINDOWS\WinSxS\amd64_microsoft.windows.common-controls_6595b64144ccf1df_6.0.9600.17031_none_6242a4b3ecbb55a1\COMCTL32.dll
0x0000000058fe0000 - 0x00000000590b2000 	C:\Program Files\Java\jre1.8.0_25\bin\msvcr100.dll
0x0000000058780000 - 0x0000000058fda000 	C:\Program Files\Java\jre1.8.0_25\bin\server\jvm.dll
0x00007ff822460000 - 0x00007ff822469000 	C:\WINDOWS\SYSTEM32\WSOCK32.dll
0x00007ff836cd0000 - 0x00007ff836cef000 	C:\WINDOWS\SYSTEM32\WINMM.dll
0x00007ff83c4a0000 - 0x00007ff83c4a7000 	C:\WINDOWS\system32\PSAPI.DLL
0x00007ff839dd0000 - 0x00007ff839e28000 	C:\WINDOWS\system32\WS2_32.dll
0x00007ff836a90000 - 0x00007ff836aba000 	C:\WINDOWS\SYSTEM32\WINMMBASE.dll
0x00007ff83c520000 - 0x00007ff83c529000 	C:\WINDOWS\system32\NSI.dll
0x00007ff839d10000 - 0x00007ff839d5a000 	C:\WINDOWS\SYSTEM32\cfgmgr32.dll
0x00007ff838730000 - 0x00007ff838756000 	C:\WINDOWS\SYSTEM32\DEVOBJ.dll
0x0000000058770000 - 0x000000005877f000 	C:\Program Files\Java\jre1.8.0_25\bin\verify.dll
0x0000000058740000 - 0x0000000058768000 	C:\Program Files\Java\jre1.8.0_25\bin\java.dll
0x0000000058720000 - 0x0000000058736000 	C:\Program Files\Java\jre1.8.0_25\bin\zip.dll
0x00007ff8362f0000 - 0x00007ff836478000 	C:\WINDOWS\SYSTEM32\dbghelp.dll

VM Arguments:
jvm_args: -Xmx1024M -Xss1m -Djava.ext.dirs=C:\Users\Enrique\AppData\Local\Android\sdk\build-tools\21.1.2\lib 
java_command: C:\Users\Enrique\AppData\Local\Android\sdk\build-tools\21.1.2\lib\dx.jar --dex --output C:\Users\Enrique\AndroidStudioProjects\DAKI\app\build\intermediates\pre-dexed\debug\mysql-connector-java-5.1.16-bin-2f448c6a18dd2769b707ce04fe2bce20620a8c9b.jar C:\Users\Enrique\AndroidStudioProjects\DAKI\app\libs\mysql-connector-java-5.1.16-bin.jar
java_class_path (initial): C:\Users\Enrique\AppData\Local\Android\sdk\build-tools\21.1.2\lib\dx.jar
Launcher Type: SUN_STANDARD

Environment Variables:
PATH=C:\ProgramData\Oracle\Java\javapath;C:\Program Files (x86)\NVIDIA Corporation\PhysX\Common;C:\Program Files (x86)\Intel\iCLS Client\;C:\Program Files\Intel\iCLS Client\;C:\WINDOWS\system32;C:\WINDOWS;C:\WINDOWS\System32\Wbem;C:\WINDOWS\System32\WindowsPowerShell\v1.0\;C:\Program Files\Intel\Intel(R) Management Engine Components\DAL;C:\Program Files\Intel\Intel(R) Management Engine Components\IPT;C:\Program Files (x86)\Intel\Intel(R) Management Engine Components\DAL;C:\Program Files (x86)\Intel\Intel(R) Management Engine Components\IPT;C:\Program Files (x86)\Intel\OpenCL SDK\2.0\bin\x86;C:\Program Files (x86)\Intel\OpenCL SDK\2.0\bin\x64;C:\Program Files (x86)\GtkSharp\2.12\bin;C:\Program Files (x86)\BaseX\bin;C:\Products\Matisse\bin;C:\Products\Matisse\java\jre\bin;C:\Products\Matisse\java\jre\bin\client
USERNAME=Enrique
OS=Windows_NT
PROCESSOR_IDENTIFIER=Intel64 Family 6 Model 58 Stepping 9, GenuineIntel



---------------  S Y S T E M  ---------------

OS: Windows 8.1 , 64 bit Build 9600 

CPU:total 8 (4 cores per cpu, 2 threads per core) family 6 model 58 stepping 9, cmov, cx8, fxsr, mmx, sse, sse2, sse3, ssse3, sse4.1, sse4.2, popcnt, avx, aes, clmul, erms, ht, tsc, tscinvbit, tscinv

Memory: 4k page, physical 6174344k(1340000k free), swap 6174344k(10308k free)

vm_info: Java HotSpot(TM) 64-Bit Server VM (25.25-b02) for windows-amd64 JRE (1.8.0_25-b18), built on Oct  7 2014 14:25:37 by "java_re" with MS VC++ 10.0 (VS2010)

time: Thu Feb 12 13:16:23 2015
elapsed time: 3 seconds (0d 0h 0m 3s)

